<?xml version="1.0" encoding="UTF-8"?>
<testng-results ignored="0" total="1" passed="0" failed="1" skipped="0">
  <reporter-output>
  </reporter-output>
  <suite started-at="2020-05-28T21:05:29 IST" name="Default suite" finished-at="2020-05-28T21:05:59 IST" duration-ms="30356">
    <groups>
    </groups>
    <test started-at="2020-05-28T21:05:29 IST" name="Default test" finished-at="2020-05-28T21:05:59 IST" duration-ms="30356">
      <class name="testCases.AddStockTest">
        <test-method is-config="true" signature="init()[pri:0, instance:testCases.AddStockTest@7283d3eb]" started-at="2020-05-28T21:05:29 IST" name="init" finished-at="2020-05-28T21:05:29 IST" duration-ms="291" status="PASS">
          <reporter-output>
          </reporter-output>
        </test-method> <!-- init -->
        <test-method signature="loginTest(java.util.Hashtable)[pri:0, instance:testCases.AddStockTest@7283d3eb]" started-at="2020-05-28T21:05:29 IST" name="loginTest" data-provider="getData" finished-at="2020-05-28T21:05:58 IST" duration-ms="29507" status="FAIL">
          <params>
            <param index="0">
              <value>
                <![CDATA[{RunMode=Y, PurchasePrice=500.0, Quantity=100.0, PurchaseDate=28-05-2020, StockName=Aki India Ltd., Browser=Chrome}]]>
              </value>
            </param>
          </params>
          <exception class="java.lang.AssertionError">
            <message>
              <![CDATA[TestNG fail]]>
            </message>
            <full-stacktrace>
              <![CDATA[java.lang.AssertionError: TestNG fail
at org.testng.Assert.fail(Assert.java:97)
at com.HybridFramework.Keywords.GenericKeywords.reportFailure(GenericKeywords.java:175)
at com.HybridFramework.Keywords.AppKeywords.selectDate(AppKeywords.java:152)
at com.HybridFramework.Drivers.DriverScript.executeKeywords(DriverScript.java:141)
at testCases.AddStockTest.loginTest(AddStockTest.java:61)
at java.base/jdk.internal.reflect.NativeMethodAccessorImpl.invoke0(Native Method)
at java.base/jdk.internal.reflect.NativeMethodAccessorImpl.invoke(NativeMethodAccessorImpl.java:62)
at java.base/jdk.internal.reflect.DelegatingMethodAccessorImpl.invoke(DelegatingMethodAccessorImpl.java:43)
at java.base/java.lang.reflect.Method.invoke(Method.java:567)
at org.testng.internal.MethodInvocationHelper.invokeMethod(MethodInvocationHelper.java:135)
at org.testng.internal.TestInvoker.invokeMethod(TestInvoker.java:598)
at org.testng.internal.TestInvoker.invokeTestMethod(TestInvoker.java:174)
at org.testng.internal.MethodRunner.runInSequence(MethodRunner.java:46)
at org.testng.internal.TestInvoker$MethodInvocationAgent.invoke(TestInvoker.java:821)
at org.testng.internal.TestInvoker.invokeTestMethods(TestInvoker.java:147)
at org.testng.internal.TestMethodWorker.invokeTestMethods(TestMethodWorker.java:146)
at org.testng.internal.TestMethodWorker.run(TestMethodWorker.java:128)
at java.base/java.util.ArrayList.forEach(ArrayList.java:1507)
at org.testng.TestRunner.privateRun(TestRunner.java:767)
at org.testng.TestRunner.run(TestRunner.java:588)
at org.testng.SuiteRunner.runTest(SuiteRunner.java:384)
at org.testng.SuiteRunner.runSequentially(SuiteRunner.java:378)
at org.testng.SuiteRunner.privateRun(SuiteRunner.java:337)
at org.testng.SuiteRunner.run(SuiteRunner.java:286)
at org.testng.SuiteRunnerWorker.runSuite(SuiteRunnerWorker.java:53)
at org.testng.SuiteRunnerWorker.run(SuiteRunnerWorker.java:96)
at org.testng.TestNG.runSuitesSequentially(TestNG.java:1214)
at org.testng.TestNG.runSuitesLocally(TestNG.java:1136)
at org.testng.TestNG.runSuites(TestNG.java:1066)
at org.testng.TestNG.run(TestNG.java:1034)
at org.testng.remote.AbstractRemoteTestNG.run(AbstractRemoteTestNG.java:115)
at org.testng.remote.RemoteTestNG.initAndRun(RemoteTestNG.java:251)
at org.testng.remote.RemoteTestNG.main(RemoteTestNG.java:77)
]]>
            </full-stacktrace>
          </exception> <!-- java.lang.AssertionError -->
          <reporter-output>
          </reporter-output>
        </test-method> <!-- loginTest -->
        <test-method is-config="true" signature="quit()[pri:0, instance:testCases.AddStockTest@7283d3eb]" started-at="2020-05-28T21:05:58 IST" name="quit" finished-at="2020-05-28T21:05:59 IST" duration-ms="467" status="PASS">
          <reporter-output>
          </reporter-output>
        </test-method> <!-- quit -->
      </class> <!-- testCases.AddStockTest -->
    </test> <!-- Default test -->
  </suite> <!-- Default suite -->
</testng-results>
