<?xml version="1.0" encoding="UTF-8"?>
<!-- Generated by org.testng.reporters.JUnitXMLReporter -->
<testsuite ignored="0" hostname="DESKTOP-QUE9GD3" failures="1" tests="1" name="Add Stock Test" time="64.386" errors="0" timestamp="2020-05-28T20:12:26 IST">
  <testcase classname="testCases.AddStockTest" name="loginTest" time="63.73">
    <failure type="java.lang.AssertionError" message="TestNG fail">
      <![CDATA[java.lang.AssertionError: TestNG fail
at com.HybridFramework.Keywords.GenericKeywords.reportFailure(GenericKeywords.java:175)
at com.HybridFramework.Keywords.AppKeywords.selectDate(AppKeywords.java:142)
at com.HybridFramework.Drivers.DriverScript.executeKeywords(DriverScript.java:141)
at testCases.AddStockTest.loginTest(AddStockTest.java:61)
at java.base/java.util.ArrayList.forEach(ArrayList.java:1507)
at java.base/java.util.concurrent.FutureTask.run(FutureTask.java:264)
at java.base/java.util.concurrent.ThreadPoolExecutor.runWorker(ThreadPoolExecutor.java:1128)
at java.base/java.util.concurrent.ThreadPoolExecutor$Worker.run(ThreadPoolExecutor.java:628)
at java.base/java.lang.Thread.run(Thread.java:830)
... Removed 19 stack frames]]>
    </failure>
  </testcase> <!-- loginTest -->
</testsuite> <!-- Add Stock Test -->
