<?xml version="1.0" encoding="UTF-8"?>
<!-- Generated by org.testng.reporters.JUnitXMLReporter -->
<testsuite ignored="0" hostname="DESKTOP-QUE9GD3" failures="1" tests="3" name="Login Test" time="31.819" errors="0" timestamp="2020-05-28T20:11:53 IST">
  <testcase classname="testCases.LoginTest" name="loginTest" time="30.464">
    <failure type="java.lang.AssertionError" message="TestNG fail">
      <![CDATA[java.lang.AssertionError: TestNG fail
at com.HybridFramework.Keywords.GenericKeywords.reportFailure(GenericKeywords.java:175)
at com.HybridFramework.Keywords.GenericKeywords.getObject(GenericKeywords.java:158)
at com.HybridFramework.Keywords.AppKeywords.validateLogin(AppKeywords.java:53)
at com.HybridFramework.Drivers.DriverScript.executeKeywords(DriverScript.java:100)
at testCases.LoginTest.loginTest(LoginTest.java:62)
at java.base/java.util.ArrayList.forEach(ArrayList.java:1507)
at java.base/java.util.concurrent.FutureTask.run(FutureTask.java:264)
at java.base/java.util.concurrent.ThreadPoolExecutor.runWorker(ThreadPoolExecutor.java:1128)
at java.base/java.util.concurrent.ThreadPoolExecutor$Worker.run(ThreadPoolExecutor.java:628)
at java.base/java.lang.Thread.run(Thread.java:830)
... Removed 19 stack frames]]>
    </failure>
  </testcase> <!-- loginTest -->
  <testcase classname="testCases.LoginTest" name="loginTest" time="0.006">
    <skipped/>
  </testcase> <!-- loginTest -->
  <testcase classname="testCases.LoginTest" name="loginTest" time="0.004">
    <skipped/>
  </testcase> <!-- loginTest -->
</testsuite> <!-- Login Test -->
